<?xml version="1.0" encoding="UTF-8"?>
<!-- Generated by org.testng.reporters.JUnitReportReporter -->
<testsuite hostname="XCALWS0337LT" failures="0" tests="2" name="crmtestLayer.LoginTestClass" time="38.640" errors="0" timestamp="2023-09-30T23:18:55 IST" skipped="0">
  <testcase classname="crmtestLayer.LoginTestClass" name="verifyTitle" time="11.385"/>
  <testcase classname="crmtestLayer.LoginTestClass" name="Login" time="27.255"/>
</testsuite> <!-- crmtestLayer.LoginTestClass -->
