<?xml version="1.0" encoding="UTF-8"?>
<!-- Generated by org.testng.reporters.JUnitReportReporter -->
<testsuite hostname="XCALWS0337LT" failures="0" tests="1" name="crmtestLayer.HomeTestLayer" time="27.862" errors="0" timestamp="2023-10-02T00:44:32 IST" skipped="0">
  <testcase classname="crmtestLayer.HomeTestLayer" name="mouseHoverAction" time="27.862"/>
</testsuite> <!-- crmtestLayer.HomeTestLayer -->
