<?xml version="1.0" encoding="UTF-8"?>
<!-- Generated by org.testng.reporters.JUnitReportReporter -->
<testsuite hostname="XCALWS0337LT" failures="0" tests="3" name="crmtestLayer.HomePageLayer" time="99.824" errors="0" timestamp="2023-10-07T23:40:12 IST" skipped="0">
  <testcase classname="crmtestLayer.HomePageLayer" name="mouseHoverOnTab" time="27.943"/>
  <testcase classname="crmtestLayer.HomePageLayer" name="verifyOptionsPresent" time="26.786"/>
  <testcase classname="crmtestLayer.HomePageLayer" name="verifyCalenderOptions" time="45.095"/>
</testsuite> <!-- crmtestLayer.HomePageLayer -->
