<?xml version="1.0" encoding="UTF-8"?>
<!-- Generated by org.testng.reporters.JUnitReportReporter -->
<testsuite hostname="XCALWS0337LT" failures="0" tests="2" name="crmtestLayer.TEST123" time="41.183" errors="0" timestamp="2023-09-30T23:28:08 IST" skipped="0">
  <testcase classname="crmtestLayer.TEST123" name="verifyTitle" time="10.860"/>
  <testcase classname="crmtestLayer.TEST123" name="verifyLogin" time="30.323"/>
</testsuite> <!-- crmtestLayer.TEST123 -->
