<?xml version="1.0" encoding="UTF-8"?>
<!-- Generated by org.testng.reporters.JUnitReportReporter -->
<testsuite hostname="XCALWS0337LT" failures="0" tests="2" name="crmtestLayer.HomeTestLayer" time="54.504" errors="0" timestamp="2023-10-03T23:14:10 IST" skipped="0">
  <testcase classname="crmtestLayer.HomeTestLayer" name="mouseHoverAction" time="28.363"/>
  <testcase classname="crmtestLayer.HomeTestLayer" name="testElement" time="26.141"/>
</testsuite> <!-- crmtestLayer.HomeTestLayer -->
